<?xml version="1.0" encoding="UTF-8" ?>
<testsuite failures="0" time="5.117" errors="0" skipped="0" tests="1" name="TestSuite">
  <properties>
    <property name="java.runtime.name" value="Java(TM) SE Runtime Environment"/>
    <property name="sun.boot.library.path" value="/System/Library/Java/JavaVirtualMachines/1.6.0.jdk/Contents/Libraries"/>
    <property name="java.vm.version" value="20.8-b03-424"/>
    <property name="awt.nativeDoubleBuffering" value="true"/>
    <property name="gopherProxySet" value="false"/>
    <property name="mrj.build" value="10M3720"/>
    <property name="java.vm.vendor" value="Apple Inc."/>
    <property name="java.vendor.url" value="http://www.apple.com/"/>
    <property name="path.separator" value=":"/>
    <property name="java.vm.name" value="Java HotSpot(TM) 64-Bit Server VM"/>
    <property name="file.encoding.pkg" value="sun.io"/>
    <property name="user.country" value="US"/>
    <property name="sun.java.launcher" value="SUN_STANDARD"/>
    <property name="sun.os.patch.level" value="unknown"/>
    <property name="java.vm.specification.name" value="Java Virtual Machine Specification"/>
    <property name="user.dir" value="/Users/jplante/github/local/oscars_bridge/meican-bridge"/>
    <property name="java.runtime.version" value="1.6.0_33-b03-424-10M3720"/>
    <property name="java.awt.graphicsenv" value="apple.awt.CGraphicsEnvironment"/>
    <property name="basedir" value="/Users/jplante/github/local/oscars_bridge/meican-bridge"/>
    <property name="java.endorsed.dirs" value="/System/Library/Java/JavaVirtualMachines/1.6.0.jdk/Contents/Home/lib/endorsed"/>
    <property name="os.arch" value="x86_64"/>
    <property name="surefire.real.class.path" value="/Users/jplante/github/local/oscars_bridge/meican-bridge/target/surefire/surefirebooter7763514812866120118.jar"/>
    <property name="java.io.tmpdir" value="/var/folders/gR/gRANuDq9HiWJtzum6xUovU+++TM/-Tmp-/"/>
    <property name="line.separator" value="
"/>
    <property name="java.vm.specification.vendor" value="Sun Microsystems Inc."/>
    <property name="os.name" value="Mac OS X"/>
    <property name="sun.jnu.encoding" value="MacRoman"/>
    <property name="java.library.path" value=".:/Library/Java/Extensions:/System/Library/Java/Extensions:/usr/lib/java"/>
    <property name="surefire.test.class.path" value="/Users/jplante/github/local/oscars_bridge/meican-bridge/target/test-classes:/Users/jplante/github/local/oscars_bridge/meican-bridge/target/classes:/Users/jplante/.m2/repository/org/testng/testng/6.3.1/testng-6.3.1.jar:/Users/jplante/.m2/repository/junit/junit/3.8.1/junit-3.8.1.jar:/Users/jplante/.m2/repository/org/beanshell/bsh/2.0b4/bsh-2.0b4.jar:/Users/jplante/.m2/repository/com/beust/jcommander/1.12/jcommander-1.12.jar:/Users/jplante/.m2/repository/org/yaml/snakeyaml/1.6/snakeyaml-1.6.jar:/Users/jplante/.m2/repository/org/apache/cxf/cxf-rt-frontend-jaxws/2.2.5/cxf-rt-frontend-jaxws-2.2.5.jar:/Users/jplante/.m2/repository/xml-resolver/xml-resolver/1.2/xml-resolver-1.2.jar:/Users/jplante/.m2/repository/org/apache/geronimo/specs/geronimo-jaxws_2.1_spec/1.0/geronimo-jaxws_2.1_spec-1.0.jar:/Users/jplante/.m2/repository/org/apache/geronimo/specs/geronimo-activation_1.1_spec/1.0.2/geronimo-activation_1.1_spec-1.0.2.jar:/Users/jplante/.m2/repository/org/apache/geronimo/specs/geronimo-ws-metadata_2.0_spec/1.1.2/geronimo-ws-metadata_2.0_spec-1.1.2.jar:/Users/jplante/.m2/repository/asm/asm/2.2.3/asm-2.2.3.jar:/Users/jplante/.m2/repository/org/apache/cxf/cxf-api/2.2.5/cxf-api-2.2.5.jar:/Users/jplante/.m2/repository/org/apache/ws/commons/schema/XmlSchema/1.4.5/XmlSchema-1.4.5.jar:/Users/jplante/.m2/repository/org/codehaus/woodstox/wstx-asl/3.2.9/wstx-asl-3.2.9.jar:/Users/jplante/.m2/repository/org/apache/neethi/neethi/2.0.4/neethi-2.0.4.jar:/Users/jplante/.m2/repository/org/apache/cxf/cxf-common-schemas/2.2.5/cxf-common-schemas-2.2.5.jar:/Users/jplante/.m2/repository/org/apache/cxf/cxf-rt-core/2.2.5/cxf-rt-core-2.2.5.jar:/Users/jplante/.m2/repository/com/sun/xml/bind/jaxb-impl/2.1.12/jaxb-impl-2.1.12.jar:/Users/jplante/.m2/repository/org/springframework/spring-core/2.5.5/spring-core-2.5.5.jar:/Users/jplante/.m2/repository/org/apache/geronimo/specs/geronimo-javamail_1.4_spec/1.6/geronimo-javamail_1.4_spec-1.6.jar:/Users/jplante/.m2/repository/org/apache/cxf/cxf-rt-bindings-soap/2.2.5/cxf-rt-bindings-soap-2.2.5.jar:/Users/jplante/.m2/repository/org/apache/cxf/cxf-tools-common/2.2.5/cxf-tools-common-2.2.5.jar:/Users/jplante/.m2/repository/org/apache/cxf/cxf-rt-databinding-jaxb/2.2.5/cxf-rt-databinding-jaxb-2.2.5.jar:/Users/jplante/.m2/repository/javax/xml/bind/jaxb-api/2.1/jaxb-api-2.1.jar:/Users/jplante/.m2/repository/org/apache/cxf/cxf-rt-bindings-xml/2.2.5/cxf-rt-bindings-xml-2.2.5.jar:/Users/jplante/.m2/repository/org/apache/cxf/cxf-rt-frontend-simple/2.2.5/cxf-rt-frontend-simple-2.2.5.jar:/Users/jplante/.m2/repository/org/apache/cxf/cxf-rt-ws-addr/2.2.5/cxf-rt-ws-addr-2.2.5.jar:/Users/jplante/.m2/repository/javax/xml/soap/saaj-api/1.3/saaj-api-1.3.jar:/Users/jplante/.m2/repository/com/sun/xml/messaging/saaj/saaj-impl/1.3.2/saaj-impl-1.3.2.jar:/Users/jplante/.m2/repository/org/apache/cxf/cxf-rt-transports-http/2.2.5/cxf-rt-transports-http-2.2.5.jar:/Users/jplante/.m2/repository/org/springframework/spring-web/2.5.5/spring-web-2.5.5.jar:/Users/jplante/.m2/repository/org/springframework/spring-beans/2.5.5/spring-beans-2.5.5.jar:/Users/jplante/.m2/repository/org/springframework/spring-context/2.5.5/spring-context-2.5.5.jar:/Users/jplante/.m2/repository/aopalliance/aopalliance/1.0/aopalliance-1.0.jar:/Users/jplante/.m2/repository/org/apache/cxf/cxf-rt-transports-http-jetty/2.2.5/cxf-rt-transports-http-jetty-2.2.5.jar:/Users/jplante/.m2/repository/org/mortbay/jetty/jetty/6.1.21/jetty-6.1.21.jar:/Users/jplante/.m2/repository/org/mortbay/jetty/jetty-util/6.1.21/jetty-util-6.1.21.jar:/Users/jplante/.m2/repository/org/slf4j/slf4j-jdk14/1.5.8/slf4j-jdk14-1.5.8.jar:/Users/jplante/.m2/repository/org/slf4j/slf4j-api/1.5.8/slf4j-api-1.5.8.jar:/Users/jplante/.m2/repository/org/apache/geronimo/specs/geronimo-servlet_2.5_spec/1.2/geronimo-servlet_2.5_spec-1.2.jar:/Users/jplante/.m2/repository/org/apache/cxf/cxf-rt-ws-security/2.2.5/cxf-rt-ws-security-2.2.5.jar:/Users/jplante/.m2/repository/org/apache/cxf/cxf-common-utilities/2.2.5/cxf-common-utilities-2.2.5.jar:/Users/jplante/.m2/repository/org/apache/geronimo/specs/geronimo-stax-api_1.0_spec/1.0.1/geronimo-stax-api_1.0_spec-1.0.1.jar:/Users/jplante/.m2/repository/wsdl4j/wsdl4j/1.6.2/wsdl4j-1.6.2.jar:/Users/jplante/.m2/repository/commons-lang/commons-lang/2.4/commons-lang-2.4.jar:/Users/jplante/.m2/repository/org/apache/ws/security/wss4j/1.5.8/wss4j-1.5.8.jar:/Users/jplante/.m2/repository/org/apache/santuario/xmlsec/1.4.3/xmlsec-1.4.3.jar:/Users/jplante/.m2/repository/commons-logging/commons-logging/1.1.1/commons-logging-1.1.1.jar:/Users/jplante/.m2/repository/xalan/xalan/2.7.1/xalan-2.7.1.jar:/Users/jplante/.m2/repository/xalan/serializer/2.7.1/serializer-2.7.1.jar:/Users/jplante/.m2/repository/org/bouncycastle/bcprov-jdk15/1.43/bcprov-jdk15-1.43.jar:/Users/jplante/.m2/repository/org/apache/cxf/cxf-rt-ws-policy/2.2.5/cxf-rt-ws-policy-2.2.5.jar:/Users/jplante/.m2/repository/org/apache/geronimo/specs/geronimo-annotation_1.0_spec/1.1.1/geronimo-annotation_1.0_spec-1.1.1.jar:/Users/jplante/.m2/repository/org/jyaml/jyaml/1.3/jyaml-1.3.jar:/Users/jplante/github/local/oscars_bridge/meican-bridge/lib/common-libs-0.0.1-SNAPSHOT.jar:/Users/jplante/github/local/oscars_bridge/meican-bridge/lib/common-soap-0.0.1-SNAPSHOT.jar:/Users/jplante/github/local/oscars_bridge/meican-bridge/lib/common-logging-0.0.1-SNAPSHOT.jar:/Users/jplante/github/local/oscars_bridge/meican-bridge/lib/oscars-client-0.0.1-SNAPSHOT.jar:/Users/jplante/github/local/oscars_bridge/meican-bridge/lib/utils-0.0.1-SNAPSHOT.jar:/Users/jplante/github/local/oscars_bridge/meican-bridge/lib/netlogger-4.1.2.jar:/Users/jplante/.m2/repository/log4j/log4j/1.2.14/log4j-1.2.14.jar:"/>
    <property name="javax.net.ssl.trustStore" value="/Users/jplante/OSCARS_HOME/sampleDomain/certs/client.jks"/>
    <property name="java.specification.name" value="Java Platform API Specification"/>
    <property name="java.class.version" value="50.0"/>
    <property name="sun.management.compiler" value="HotSpot 64-Bit Tiered Compilers"/>
    <property name="os.version" value="10.6.8"/>
    <property name="http.nonProxyHosts" value="local|*.local|169.254/16|*.169.254/16"/>
    <property name="user.home" value="/Users/jplante"/>
    <property name="user.timezone" value="America/Los_Angeles"/>
    <property name="java.awt.printerjob" value="apple.awt.CPrinterJob"/>
    <property name="java.specification.version" value="1.6"/>
    <property name="file.encoding" value="MacRoman"/>
    <property name="user.name" value="jplante"/>
    <property name="java.class.path" value="/Users/jplante/github/local/oscars_bridge/meican-bridge/target/test-classes:/Users/jplante/github/local/oscars_bridge/meican-bridge/target/classes:/Users/jplante/.m2/repository/org/testng/testng/6.3.1/testng-6.3.1.jar:/Users/jplante/.m2/repository/junit/junit/3.8.1/junit-3.8.1.jar:/Users/jplante/.m2/repository/org/beanshell/bsh/2.0b4/bsh-2.0b4.jar:/Users/jplante/.m2/repository/com/beust/jcommander/1.12/jcommander-1.12.jar:/Users/jplante/.m2/repository/org/yaml/snakeyaml/1.6/snakeyaml-1.6.jar:/Users/jplante/.m2/repository/org/apache/cxf/cxf-rt-frontend-jaxws/2.2.5/cxf-rt-frontend-jaxws-2.2.5.jar:/Users/jplante/.m2/repository/xml-resolver/xml-resolver/1.2/xml-resolver-1.2.jar:/Users/jplante/.m2/repository/org/apache/geronimo/specs/geronimo-jaxws_2.1_spec/1.0/geronimo-jaxws_2.1_spec-1.0.jar:/Users/jplante/.m2/repository/org/apache/geronimo/specs/geronimo-activation_1.1_spec/1.0.2/geronimo-activation_1.1_spec-1.0.2.jar:/Users/jplante/.m2/repository/org/apache/geronimo/specs/geronimo-ws-metadata_2.0_spec/1.1.2/geronimo-ws-metadata_2.0_spec-1.1.2.jar:/Users/jplante/.m2/repository/asm/asm/2.2.3/asm-2.2.3.jar:/Users/jplante/.m2/repository/org/apache/cxf/cxf-api/2.2.5/cxf-api-2.2.5.jar:/Users/jplante/.m2/repository/org/apache/ws/commons/schema/XmlSchema/1.4.5/XmlSchema-1.4.5.jar:/Users/jplante/.m2/repository/org/codehaus/woodstox/wstx-asl/3.2.9/wstx-asl-3.2.9.jar:/Users/jplante/.m2/repository/org/apache/neethi/neethi/2.0.4/neethi-2.0.4.jar:/Users/jplante/.m2/repository/org/apache/cxf/cxf-common-schemas/2.2.5/cxf-common-schemas-2.2.5.jar:/Users/jplante/.m2/repository/org/apache/cxf/cxf-rt-core/2.2.5/cxf-rt-core-2.2.5.jar:/Users/jplante/.m2/repository/com/sun/xml/bind/jaxb-impl/2.1.12/jaxb-impl-2.1.12.jar:/Users/jplante/.m2/repository/org/springframework/spring-core/2.5.5/spring-core-2.5.5.jar:/Users/jplante/.m2/repository/org/apache/geronimo/specs/geronimo-javamail_1.4_spec/1.6/geronimo-javamail_1.4_spec-1.6.jar:/Users/jplante/.m2/repository/org/apache/cxf/cxf-rt-bindings-soap/2.2.5/cxf-rt-bindings-soap-2.2.5.jar:/Users/jplante/.m2/repository/org/apache/cxf/cxf-tools-common/2.2.5/cxf-tools-common-2.2.5.jar:/Users/jplante/.m2/repository/org/apache/cxf/cxf-rt-databinding-jaxb/2.2.5/cxf-rt-databinding-jaxb-2.2.5.jar:/Users/jplante/.m2/repository/javax/xml/bind/jaxb-api/2.1/jaxb-api-2.1.jar:/Users/jplante/.m2/repository/org/apache/cxf/cxf-rt-bindings-xml/2.2.5/cxf-rt-bindings-xml-2.2.5.jar:/Users/jplante/.m2/repository/org/apache/cxf/cxf-rt-frontend-simple/2.2.5/cxf-rt-frontend-simple-2.2.5.jar:/Users/jplante/.m2/repository/org/apache/cxf/cxf-rt-ws-addr/2.2.5/cxf-rt-ws-addr-2.2.5.jar:/Users/jplante/.m2/repository/javax/xml/soap/saaj-api/1.3/saaj-api-1.3.jar:/Users/jplante/.m2/repository/com/sun/xml/messaging/saaj/saaj-impl/1.3.2/saaj-impl-1.3.2.jar:/Users/jplante/.m2/repository/org/apache/cxf/cxf-rt-transports-http/2.2.5/cxf-rt-transports-http-2.2.5.jar:/Users/jplante/.m2/repository/org/springframework/spring-web/2.5.5/spring-web-2.5.5.jar:/Users/jplante/.m2/repository/org/springframework/spring-beans/2.5.5/spring-beans-2.5.5.jar:/Users/jplante/.m2/repository/org/springframework/spring-context/2.5.5/spring-context-2.5.5.jar:/Users/jplante/.m2/repository/aopalliance/aopalliance/1.0/aopalliance-1.0.jar:/Users/jplante/.m2/repository/org/apache/cxf/cxf-rt-transports-http-jetty/2.2.5/cxf-rt-transports-http-jetty-2.2.5.jar:/Users/jplante/.m2/repository/org/mortbay/jetty/jetty/6.1.21/jetty-6.1.21.jar:/Users/jplante/.m2/repository/org/mortbay/jetty/jetty-util/6.1.21/jetty-util-6.1.21.jar:/Users/jplante/.m2/repository/org/slf4j/slf4j-jdk14/1.5.8/slf4j-jdk14-1.5.8.jar:/Users/jplante/.m2/repository/org/slf4j/slf4j-api/1.5.8/slf4j-api-1.5.8.jar:/Users/jplante/.m2/repository/org/apache/geronimo/specs/geronimo-servlet_2.5_spec/1.2/geronimo-servlet_2.5_spec-1.2.jar:/Users/jplante/.m2/repository/org/apache/cxf/cxf-rt-ws-security/2.2.5/cxf-rt-ws-security-2.2.5.jar:/Users/jplante/.m2/repository/org/apache/cxf/cxf-common-utilities/2.2.5/cxf-common-utilities-2.2.5.jar:/Users/jplante/.m2/repository/org/apache/geronimo/specs/geronimo-stax-api_1.0_spec/1.0.1/geronimo-stax-api_1.0_spec-1.0.1.jar:/Users/jplante/.m2/repository/wsdl4j/wsdl4j/1.6.2/wsdl4j-1.6.2.jar:/Users/jplante/.m2/repository/commons-lang/commons-lang/2.4/commons-lang-2.4.jar:/Users/jplante/.m2/repository/org/apache/ws/security/wss4j/1.5.8/wss4j-1.5.8.jar:/Users/jplante/.m2/repository/org/apache/santuario/xmlsec/1.4.3/xmlsec-1.4.3.jar:/Users/jplante/.m2/repository/commons-logging/commons-logging/1.1.1/commons-logging-1.1.1.jar:/Users/jplante/.m2/repository/xalan/xalan/2.7.1/xalan-2.7.1.jar:/Users/jplante/.m2/repository/xalan/serializer/2.7.1/serializer-2.7.1.jar:/Users/jplante/.m2/repository/org/bouncycastle/bcprov-jdk15/1.43/bcprov-jdk15-1.43.jar:/Users/jplante/.m2/repository/org/apache/cxf/cxf-rt-ws-policy/2.2.5/cxf-rt-ws-policy-2.2.5.jar:/Users/jplante/.m2/repository/org/apache/geronimo/specs/geronimo-annotation_1.0_spec/1.1.1/geronimo-annotation_1.0_spec-1.1.1.jar:/Users/jplante/.m2/repository/org/jyaml/jyaml/1.3/jyaml-1.3.jar:/Users/jplante/github/local/oscars_bridge/meican-bridge/lib/common-libs-0.0.1-SNAPSHOT.jar:/Users/jplante/github/local/oscars_bridge/meican-bridge/lib/common-soap-0.0.1-SNAPSHOT.jar:/Users/jplante/github/local/oscars_bridge/meican-bridge/lib/common-logging-0.0.1-SNAPSHOT.jar:/Users/jplante/github/local/oscars_bridge/meican-bridge/lib/oscars-client-0.0.1-SNAPSHOT.jar:/Users/jplante/github/local/oscars_bridge/meican-bridge/lib/utils-0.0.1-SNAPSHOT.jar:/Users/jplante/github/local/oscars_bridge/meican-bridge/lib/netlogger-4.1.2.jar:/Users/jplante/.m2/repository/log4j/log4j/1.2.14/log4j-1.2.14.jar:"/>
    <property name="java.vm.specification.version" value="1.0"/>
    <property name="sun.arch.data.model" value="64"/>
    <property name="java.home" value="/System/Library/Java/JavaVirtualMachines/1.6.0.jdk/Contents/Home"/>
    <property name="sun.java.command" value="/Users/jplante/github/local/oscars_bridge/meican-bridge/target/surefire/surefirebooter7763514812866120118.jar /Users/jplante/github/local/oscars_bridge/meican-bridge/target/surefire/surefire3900760871311046331tmp /Users/jplante/github/local/oscars_bridge/meican-bridge/target/surefire/surefire3143032554424466035tmp"/>
    <property name="java.specification.vendor" value="Sun Microsystems Inc."/>
    <property name="user.language" value="en"/>
    <property name="awt.toolkit" value="apple.awt.CToolkit"/>
    <property name="java.vm.info" value="mixed mode"/>
    <property name="java.version" value="1.6.0_33"/>
    <property name="java.ext.dirs" value="/Library/Java/Extensions:/System/Library/Java/Extensions:/System/Library/Java/JavaVirtualMachines/1.6.0.jdk/Contents/Home/lib/ext"/>
    <property name="sun.boot.class.path" value="/System/Library/Java/JavaVirtualMachines/1.6.0.jdk/Contents/Classes/jsfd.jar:/System/Library/Java/JavaVirtualMachines/1.6.0.jdk/Contents/Classes/classes.jar:/System/Library/Frameworks/JavaVM.framework/Frameworks/JavaRuntimeSupport.framework/Resources/Java/JavaRuntimeSupport.jar:/System/Library/Java/JavaVirtualMachines/1.6.0.jdk/Contents/Classes/ui.jar:/System/Library/Java/JavaVirtualMachines/1.6.0.jdk/Contents/Classes/laf.jar:/System/Library/Java/JavaVirtualMachines/1.6.0.jdk/Contents/Classes/sunrsasign.jar:/System/Library/Java/JavaVirtualMachines/1.6.0.jdk/Contents/Classes/jsse.jar:/System/Library/Java/JavaVirtualMachines/1.6.0.jdk/Contents/Classes/jce.jar:/System/Library/Java/JavaVirtualMachines/1.6.0.jdk/Contents/Classes/charsets.jar"/>
    <property name="java.vendor" value="Apple Inc."/>
    <property name="localRepository" value="/Users/jplante/.m2/repository"/>
    <property name="file.separator" value="/"/>
    <property name="java.vendor.url.bug" value="http://bugreport.apple.com/"/>
    <property name="sun.cpu.endian" value="little"/>
    <property name="sun.io.unicode.encoding" value="UnicodeLittle"/>
    <property name="mrj.version" value="1060.1.6.0_33-424"/>
    <property name="javax.net.ssl.trustStorePassword" value="changeit"/>
    <property name="socksNonProxyHosts" value="local|*.local|169.254/16|*.169.254/16"/>
    <property name="ftp.nonProxyHosts" value="local|*.local|169.254/16|*.169.254/16"/>
    <property name="sun.cpu.isalist" value=""/>
  </properties>
  <testcase time="4.748" classname="net.es.oscars.meican.test.BridgeClientTest" name="testBridge"/>
</testsuite>