<?xml version="1.0" encoding="UTF-8"?>
<!-- Generated by org.testng.reporters.JUnitReportReporter -->
<testsuite hostname="student5.es.net" name="net.es.oscars.meican.test.BridgeClientTest" tests="1" failures="0" timestamp="17 Aug 2012 22:12:13 GMT" time="14.901" errors="0">
  <testcase name="testBridge" time="14.901" classname="net.es.oscars.meican.test.BridgeClientTest"/>
</testsuite>
