<?xml version="1.0" encoding="UTF-8"?>
<!-- Generated by org.testng.reporters.JUnitReportReporter -->
<testsuite hostname="student5.es.net" name="net.es.oscars.meican.test.BridgeClientTest" tests="1" failures="0" timestamp="29 Aug 2012 01:37:29 GMT" time="4.940" errors="0">
  <testcase name="testBridge" time="4.940" classname="net.es.oscars.meican.test.BridgeClientTest"/>
</testsuite>
